#
# There is insufficient memory for the Java Runtime Environment to continue.
# Native memory allocation (mmap) failed to map 67108864 bytes for G1 virtual space
# Possible reasons:
#   The system is out of physical RAM or swap space
#   The process is running with CompressedOops enabled, and the Java Heap may be blocking the growth of the native heap
# Possible solutions:
#   Reduce memory load on the system
#   Increase physical memory or swap space
#   Check if swap backing store is full
#   Decrease Java heap size (-Xmx/-Xms)
#   Decrease number of Java threads
#   Decrease Java thread stack sizes (-Xss)
#   Set larger code cache with -XX:ReservedCodeCacheSize=
#   JVM is running with Unscaled Compressed Oops mode in which the Java heap is
#     placed in the first 4GB address space. The Java Heap base address is the
#     maximum limit for the native heap growth. Please use -XX:HeapBaseMinAddress
#     to set the Java Heap base and to place the Java Heap above 4GB virtual address.
# This output file may be truncated or incomplete.
#
#  Out of Memory Error (os_windows.cpp:3530), pid=14060, tid=5564
#
# JRE version:  (18.0.2.1+1) (build )
# Java VM: Java HotSpot(TM) 64-Bit Server VM (18.0.2.1+1-1, mixed mode, sharing, tiered, compressed oops, compressed class ptrs, g1 gc, windows-amd64)
# No core dump will be written. Minidumps are not enabled by default on client versions of Windows
#

---------------  S U M M A R Y ------------

Command Line: 

Host: Intel(R) Core(TM)2 Duo CPU     P8400  @ 2.26GHz, 2 cores, 3G,  Windows 10 , 64 bit Build 19041 (10.0.19041.2546)
Time: Sat Mar  4 16:18:33 2023 Eastern Standard Time elapsed time: 42.418749 seconds (0d 0h 0m 42s)

---------------  T H R E A D  ---------------

Current thread (0x00000223774d0b60):  JavaThread "Unknown thread" [_thread_in_vm, id=5564, stack(0x000000e0da800000,0x000000e0da900000)]

Stack: [0x000000e0da800000,0x000000e0da900000]
Native frames: (J=compiled Java code, j=interpreted, Vv=VM code, C=native code)
V  [jvm.dll+0x6993aa]
V  [jvm.dll+0x7f46dd]
V  [jvm.dll+0x7f5fee]
V  [jvm.dll+0x7f66a3]
V  [jvm.dll+0x25cf1f]
V  [jvm.dll+0x6962f9]
V  [jvm.dll+0x68ae2a]
V  [jvm.dll+0x32255b]
V  [jvm.dll+0x329f36]
V  [jvm.dll+0x37eade]
V  [jvm.dll+0x37ed0f]
V  [jvm.dll+0x2fa2da]
V  [jvm.dll+0x2fb33d]
V  [jvm.dll+0x7c3310]
V  [jvm.dll+0x38be61]
V  [jvm.dll+0x7a2023]
V  [jvm.dll+0x40dc3f]
V  [jvm.dll+0x40f611]
C  [jli.dll+0x526b]
C  [ucrtbase.dll+0x21bb2]
C  [KERNEL32.DLL+0x17614]
C  [ntdll.dll+0x526a1]


---------------  P R O C E S S  ---------------

Threads class SMR info:
_java_thread_list=0x00007ffeeb9de550, length=0, elements={
}

Java Threads: ( => current thread )

Other Threads:
  0x0000022377510f40 WorkerThread "GC Thread#0" [stack: 0x000000e0da900000,0x000000e0daa00000] [id=14224]
  0x000002237751a310 ConcurrentGCThread "G1 Main Marker" [stack: 0x000000e0daa00000,0x000000e0dab00000] [id=6428]
  0x000002237751ad00 WorkerThread "G1 Conc#0" [stack: 0x000000e0dab00000,0x000000e0dac00000] [id=14076]

[error occurred during error reporting (printing all threads), id 0xc0000005, EXCEPTION_ACCESS_VIOLATION (0xc0000005) at pc=0x00007ffeeb20a877]

VM state: not at safepoint (not fully initialized)

VM Mutex/Monitor currently owned by a thread:  ([mutex/lock_event])
[0x00000223774cde80] Heap_lock - owner thread: 0x00000223774d0b60

Heap address: 0x00000000c1800000, size: 1000 MB, Compressed Oops mode: 32-bit

CDS archive(s) mapped at: [0x0000000000000000-0x0000000000000000-0x0000000000000000), size 0, SharedBaseAddress: 0x0000000800000000, ArchiveRelocationMode: 0.
Narrow klass base: 0x0000000000000000, Narrow klass shift: 0, Narrow klass range: 0x0

GC Precious Log:
 CardTable entry size: 512
 Card Set container configuration: InlinePtr #cards 5 size 8 Array Of Cards #cards 12 size 40 Howl #buckets 4 coarsen threshold 1843 Howl Bitmap #cards 512 size 80 coarsen threshold 460 Card regions per heap region 1 cards per card region 2048

Heap:
 garbage-first heap   total 0K, used 0K [0x00000000c1800000, 0x0000000100000000)
  region size 1024K, 0 young (0K), 0 survivors (0K)

[error occurred during error reporting (printing heap information), id 0xc0000005, EXCEPTION_ACCESS_VIOLATION (0xc0000005) at pc=0x00007ffeeb5f1839]

GC Heap History (0 events):
No events

Deoptimization events (0 events):
No events

Classes loaded (0 events):
No events

Classes unloaded (0 events):
No events

Classes redefined (0 events):
No events

Internal exceptions (0 events):
No events

VM Operations (0 events):
No events

Events (1 events):
Event: 17.521 Loaded shared library C:\Program Files\Java\jdk-18.0.2.1\bin\java.dll


Dynamic libraries:
0x00007ff6a3c40000 - 0x00007ff6a3c50000 	C:\Program Files\Java\jdk-18.0.2.1\bin\java.exe
0x00007fff45d10000 - 0x00007fff45f08000 	C:\WINDOWS\SYSTEM32\ntdll.dll
0x00007fff452c0000 - 0x00007fff4537f000 	C:\WINDOWS\System32\KERNEL32.DLL
0x00007fff43500000 - 0x00007fff437d2000 	C:\WINDOWS\System32\KERNELBASE.dll
0x00007fff43870000 - 0x00007fff43970000 	C:\WINDOWS\System32\ucrtbase.dll
0x00007fff1d080000 - 0x00007fff1d09a000 	C:\Program Files\Java\jdk-18.0.2.1\bin\VCRUNTIME140.dll
0x00007fff1d0a0000 - 0x00007fff1d0b8000 	C:\Program Files\Java\jdk-18.0.2.1\bin\jli.dll
0x00007fff43d70000 - 0x00007fff43e1e000 	C:\WINDOWS\System32\ADVAPI32.dll
0x00007fff45c30000 - 0x00007fff45cce000 	C:\WINDOWS\System32\msvcrt.dll
0x00007fff45220000 - 0x00007fff452bc000 	C:\WINDOWS\System32\sechost.dll
0x00007fff43eb0000 - 0x00007fff43fd5000 	C:\WINDOWS\System32\RPCRT4.dll
0x00007fff45560000 - 0x00007fff45701000 	C:\WINDOWS\System32\USER32.dll
0x00007fff43b40000 - 0x00007fff43b62000 	C:\WINDOWS\System32\win32u.dll
0x00007fff43e80000 - 0x00007fff43eab000 	C:\WINDOWS\System32\GDI32.dll
0x00007fff43c10000 - 0x00007fff43d1f000 	C:\WINDOWS\System32\gdi32full.dll
0x00007fff43b70000 - 0x00007fff43c0d000 	C:\WINDOWS\System32\msvcp_win.dll
0x00007fff31500000 - 0x00007fff3179a000 	C:\WINDOWS\WinSxS\amd64_microsoft.windows.common-controls_6595b64144ccf1df_6.0.19041.1110_none_60b5254171f9507e\COMCTL32.dll
0x00007fff3a0f0000 - 0x00007fff3a0fa000 	C:\WINDOWS\SYSTEM32\VERSION.dll
0x00007fff45400000 - 0x00007fff45432000 	C:\WINDOWS\System32\IMM32.DLL
0x00007fff19600000 - 0x00007fff1960c000 	C:\Program Files\Java\jdk-18.0.2.1\bin\vcruntime140_1.dll
0x00007fff09520000 - 0x00007fff095ad000 	C:\Program Files\Java\jdk-18.0.2.1\bin\msvcp140.dll
0x00007ffeeaf00000 - 0x00007ffeebb11000 	C:\Program Files\Java\jdk-18.0.2.1\bin\server\jvm.dll
0x00007fff453f0000 - 0x00007fff453f8000 	C:\WINDOWS\System32\PSAPI.DLL
0x00007fff35ad0000 - 0x00007fff35ad9000 	C:\WINDOWS\SYSTEM32\WSOCK32.dll
0x00007fff45380000 - 0x00007fff453eb000 	C:\WINDOWS\System32\WS2_32.dll
0x00007fff39ef0000 - 0x00007fff39f17000 	C:\WINDOWS\SYSTEM32\WINMM.dll
0x00007fff412c0000 - 0x00007fff412d2000 	C:\WINDOWS\SYSTEM32\kernel.appcore.dll
0x00007fff195f0000 - 0x00007fff195fa000 	C:\Program Files\Java\jdk-18.0.2.1\bin\jimage.dll
0x00007fff317a0000 - 0x00007fff31984000 	C:\WINDOWS\SYSTEM32\DBGHELP.DLL
0x00007fff30d50000 - 0x00007fff30d85000 	C:\WINDOWS\SYSTEM32\dbgcore.DLL
0x00007fff437e0000 - 0x00007fff43862000 	C:\WINDOWS\System32\bcryptPrimitives.dll
0x00007fff195c0000 - 0x00007fff195e5000 	C:\Program Files\Java\jdk-18.0.2.1\bin\java.dll

dbghelp: loaded successfully - version: 4.0.5 - missing functions: none
symbol engine: initialized successfully - sym options: 0x614 - pdb path: .;C:\Program Files\Java\jdk-18.0.2.1\bin;C:\WINDOWS\SYSTEM32;C:\WINDOWS\WinSxS\amd64_microsoft.windows.common-controls_6595b64144ccf1df_6.0.19041.1110_none_60b5254171f9507e;C:\Program Files\Java\jdk-18.0.2.1\bin\server

VM Arguments:
java_command: <unknown>
java_class_path (initial): <not set>
Launcher Type: SUN_STANDARD

[Global flags]
     intx CICompilerCount                          = 2                                         {product} {ergonomic}
     uint ConcGCThreads                            = 1                                         {product} {ergonomic}
     uint G1ConcRefinementThreads                  = 2                                         {product} {ergonomic}
   size_t G1HeapRegionSize                         = 1048576                                   {product} {ergonomic}
    uintx GCDrainStackTargetSize                   = 64                                        {product} {ergonomic}
   size_t InitialHeapSize                          = 67108864                                  {product} {ergonomic}
   size_t MarkStackSize                            = 4194304                                   {product} {ergonomic}
   size_t MaxHeapSize                              = 1048576000                                {product} {ergonomic}
   size_t MinHeapDeltaBytes                        = 1048576                                   {product} {ergonomic}
   size_t MinHeapSize                              = 8388608                                   {product} {ergonomic}
    uintx NonNMethodCodeHeapSize                   = 5826188                                {pd product} {ergonomic}
    uintx NonProfiledCodeHeapSize                  = 122916026                              {pd product} {ergonomic}
    uintx ProfiledCodeHeapSize                     = 122916026                              {pd product} {ergonomic}
    uintx ReservedCodeCacheSize                    = 251658240                              {pd product} {ergonomic}
     bool SegmentedCodeCache                       = true                                      {product} {ergonomic}
   size_t SoftMaxHeapSize                          = 1048576000                             {manageable} {ergonomic}
     bool UseCompressedClassPointers               = true                           {product lp64_product} {ergonomic}
     bool UseCompressedOops                        = true                           {product lp64_product} {ergonomic}
     bool UseG1GC                                  = true                                      {product} {ergonomic}
     bool UseLargePagesIndividualAllocation        = false                                  {pd product} {ergonomic}

Logging:
Log output configuration:
 #0: stdout all=warning uptime,level,tags foldmultilines=false
 #1: stderr all=off uptime,level,tags foldmultilines=false

Environment Variables:
PATH=C:\Users\wwsuser1\PycharmProjects\the best game ever\venv\Scripts;C:\Program Files\Common Files\Oracle\Java\javapath;C:\WINDOWS\system32;C:\WINDOWS;C:\WINDOWS\System32\Wbem;C:\WINDOWS\System32\WindowsPowerShell\v1.0\;C:\WINDOWS\System32\OpenSSH\;C:\Program Files (x86)\GTK2-Runtime\bin;C:\Users\wwsuser1\AppData\Local\Programs\Python\Python311\Scripts\;C:\Users\wwsuser1\AppData\Local\Programs\Python\Python311\;C:\Users\wwsuser1\AppData\Local\Microsoft\WindowsApps;C:\Users\wwsuser1\PycharmProjects\the best game ever\venv\Lib\site-packages\pygame
USERNAME=wwsuser1
OS=Windows_NT
PROCESSOR_IDENTIFIER=Intel64 Family 6 Model 23 Stepping 10, GenuineIntel



---------------  S Y S T E M  ---------------

OS:
 Windows 10 , 64 bit Build 19041 (10.0.19041.2546)
OS uptime: 0 days 20:17 hours

CPU: total 2 (initial active 2) (2 cores per cpu, 1 threads per core) family 6 model 23 stepping 10 microcode 0xa0c, cx8, cmov, fxsr, mmx, sse, sse2, sse3, ssse3, sse4.1, tsc, clflush

Memory: 4k page, system-wide physical 3996M (505M free)
TotalPageFile size 11793M (AvailPageFile size 1981M)
current process WorkingSet (physical memory assigned to process): 9M, peak: 9M
current process commit charge ("private bytes"): 47M, peak: 111M

vm_info: Java HotSpot(TM) 64-Bit Server VM (18.0.2.1+1-1) for windows-amd64 JRE (18.0.2.1+1-1), built on Aug 16 2022 01:46:33 by "mach5one" with MS VC++ 16.8 / 16.9 (VS2019)

END.
